06/20/2019 02:02:20 PM - LoginPage - INFO: Element Found
06/20/2019 02:02:21 PM - LoginPage - INFO: Sent data on element with locator: //*[@id='root']/div/input[1] locatorType: xpath
06/20/2019 02:02:21 PM - LoginPage - INFO: Element Found
06/20/2019 02:02:21 PM - LoginPage - INFO: Sent data on element with locator: //*[@id='root']/div/input[2] locatorType: xpath
06/20/2019 02:02:21 PM - LoginPage - INFO: Element Found
06/20/2019 02:02:21 PM - LoginPage - INFO: Clicked on element with locator: //*[@id='root']/div/div[1] locatorType: xpath
06/20/2019 02:02:23 PM - ProspectsPage - INFO: Element Found
06/20/2019 02:02:23 PM - ProspectsPage - INFO: Clicked on element with locator: //*[@id='root']/div/div/div/div/ul/li[2]/a/span locatorType: xpath
06/20/2019 02:02:24 PM - ProspectsPage - INFO: Element Found
06/20/2019 02:02:24 PM - ProspectsPage - INFO: Clicked on element with locator: //*[@id='io.ubico.CONTACTS'] locatorType: xpath
06/20/2019 02:02:28 PM - ProspectsPage - INFO: Element not found
06/20/2019 02:02:28 PM - ProspectsPage - INFO: Cannot click on the element with locator: //*[@id='io.ubico.INTEGRATIONS'] locatorType: xpath
06/20/2019 02:05:17 PM - LoginPage - INFO: Element Found
06/20/2019 02:05:17 PM - LoginPage - INFO: Sent data on element with locator: //*[@id='root']/div/input[1] locatorType: xpath
06/20/2019 02:05:17 PM - LoginPage - INFO: Element Found
06/20/2019 02:05:18 PM - LoginPage - INFO: Sent data on element with locator: //*[@id='root']/div/input[2] locatorType: xpath
06/20/2019 02:05:18 PM - LoginPage - INFO: Element Found
06/20/2019 02:05:18 PM - LoginPage - INFO: Clicked on element with locator: //*[@id='root']/div/div[1] locatorType: xpath
06/20/2019 02:05:19 PM - ProspectsPage - INFO: Element Found
06/20/2019 02:05:19 PM - ProspectsPage - INFO: Clicked on element with locator: //*[@id='root']/div/div/div/div/ul/li[2]/a/span locatorType: xpath
06/20/2019 02:05:19 PM - ProspectsPage - INFO: Element Found
06/20/2019 02:05:20 PM - ProspectsPage - INFO: Clicked on element with locator: //*[@id='io.ubico.CONTACTS'] locatorType: xpath
06/20/2019 02:05:20 PM - ProspectsPage - INFO: Element Found
06/20/2019 02:05:20 PM - ProspectsPage - INFO: Clicked on element with locator: //*[@id='io.ubico.IMPORT_DYNAMICS'] locatorType: xpath
